C:\Users\BEATRICE\Desktop\heidi\project\Release\cl.command.1.tlog
C:\Users\BEATRICE\Desktop\heidi\project\Release\CL.read.1.tlog
C:\Users\BEATRICE\Desktop\heidi\project\Release\CL.write.1.tlog
C:\USERS\BEATRICE\DESKTOP\HEIDI\PROJECT\RELEASE\DATABASE.OBJ
C:\USERS\BEATRICE\DESKTOP\HEIDI\PROJECT\RELEASE\INPUT_MANIPULATION.OBJ
C:\Users\BEATRICE\Desktop\heidi\project\Release\link.command.1.tlog
C:\Users\BEATRICE\Desktop\heidi\project\Release\link.read.1.tlog
C:\Users\BEATRICE\Desktop\heidi\project\Release\link.write.1.tlog
C:\USERS\BEATRICE\DESKTOP\HEIDI\PROJECT\RELEASE\MAIN.OBJ
C:\Users\BEATRICE\Desktop\heidi\project\Release\mt.command.1.tlog
C:\Users\BEATRICE\Desktop\heidi\project\Release\mt.read.1.tlog
C:\Users\BEATRICE\Desktop\heidi\project\Release\mt.write.1.tlog
C:\USERS\BEATRICE\DESKTOP\HEIDI\PROJECT\RELEASE\PROJECT.EXE.INTERMEDIATE.MANIFEST
C:\Users\BEATRICE\Desktop\heidi\project\Release\project.vcxprojResolveAssemblyReference.cache
C:\Users\BEATRICE\Desktop\heidi\project\Release\project.write.1.tlog
C:\USERS\BEATRICE\DESKTOP\HEIDI\PROJECT\RELEASE\PROJECTION.OBJ
C:\USERS\BEATRICE\DESKTOP\HEIDI\PROJECT\RELEASE\QUERY.OBJ
C:\USERS\BEATRICE\DESKTOP\HEIDI\PROJECT\RELEASE\VC100.PDB
C:\USERS\BEATRICE\DESKTOP\HEIDI\RELEASE\PROJECT.EXE
C:\USERS\BEATRICE\DESKTOP\HEIDI\RELEASE\PROJECT.PDB
